::1 - - [13/Oct/2022:02:09:07 +0000] "GET /api/trades/1 HTTP/1.1" 200 190 "-" "PostmanRuntime/7.29.2"
::1 - - [13/Oct/2022:02:10:41 +0000] "GET /api/trades/1 HTTP/1.1" 200 190 "-" "PostmanRuntime/7.29.2"
::1 - - [04/Nov/2022:04:25:03 +0000] "GET /api/users HTTP/1.1" 200 67 "-" "PostmanRuntime/7.29.2"
::1 - - [04/Nov/2022:04:25:16 +0000] "POST /api/users HTTP/1.1" 201 73 "-" "PostmanRuntime/7.29.2"
::1 - - [04/Nov/2022:04:25:25 +0000] "GET /api/trades HTTP/1.1" 200 845 "-" "PostmanRuntime/7.29.2"
::1 - - [04/Nov/2022:04:26:24 +0000] "GET /api/users HTTP/1.1" 200 94 "-" "PostmanRuntime/7.29.2"
::1 - - [04/Nov/2022:04:26:34 +0000] "GET /api/trades HTTP/1.1" 200 845 "-" "PostmanRuntime/7.29.2"
::1 - - [04/Nov/2022:04:27:19 +0000] "GET /api/trades HTTP/1.1" 200 845 "-" "PostmanRuntime/7.29.2"
::1 - - [04/Nov/2022:04:28:36 +0000] "GET /api/trades HTTP/1.1" 200 845 "-" "PostmanRuntime/7.29.2"
::1 - - [04/Nov/2022:11:10:30 +0000] "GET /api/trades HTTP/1.1" - - "-" "PostmanRuntime/7.29.2"
::1 - - [04/Nov/2022:11:11:06 +0000] "GET /api/trades HTTP/1.1" 200 30 "-" "PostmanRuntime/7.29.2"
::1 - - [04/Nov/2022:11:12:42 +0000] "GET /api/trades HTTP/1.1" 200 137 "-" "PostmanRuntime/7.29.2"
::1 - - [04/Nov/2022:16:05:25 +0000] "GET /api/users HTTP/1.1" 200 2 "-" "PostmanRuntime/7.29.2"
::1 - - [04/Nov/2022:16:51:07 +0000] "GET /api/users HTTP/1.1" 200 67 "-" "PostmanRuntime/7.29.2"
::1 - - [04/Nov/2022:16:51:12 +0000] "GET /api/trades HTTP/1.1" 200 1706 "-" "PostmanRuntime/7.29.2"
::1 - - [06/Nov/2022:12:58:24 +0000] "GET /api/users HTTP/1.1" 200 67 "-" "PostmanRuntime/7.29.2"
::1 - - [06/Nov/2022:12:58:30 +0000] "POST /api/users HTTP/1.1" 201 73 "-" "PostmanRuntime/7.29.2"
::1 - - [06/Nov/2022:12:58:33 +0000] "GET /api/users HTTP/1.1" 200 94 "-" "PostmanRuntime/7.29.2"
::1 - - [06/Nov/2022:12:58:53 +0000] "GET /api/trades HTTP/1.1" 200 1706 "-" "PostmanRuntime/7.29.2"
::1 - - [06/Nov/2022:13:01:24 +0000] "GET /api/trades HTTP/1.1" 200 1514 "-" "PostmanRuntime/7.29.2"
::1 - - [06/Nov/2022:13:03:53 +0000] "GET /api/trades/3 HTTP/1.1" 200 140 "-" "PostmanRuntime/7.29.2"
::1 - - [06/Nov/2022:13:04:23 +0000] "GET /api/trades/3 HTTP/1.1" 200 140 "-" "PostmanRuntime/7.29.2"
::1 - - [06/Nov/2022:13:06:20 +0000] "GET /api/trades/3 HTTP/1.1" 200 124 "-" "PostmanRuntime/7.29.2"
